
========================[ Jan 23, 2013  9:23 AM ]========================
Version 2.2.21 [Jun-14-2009]
Started database file "/opt/apache/CoGe/data/genomic_sequence//0/0/19/19853/19853.faa"
Formatted 1 sequences in volume 0
SUCCESS: formatted database /opt/apache/CoGe/data/genomic_sequence//0/0/19/19853/19853.faa

========================[ Jan 23, 2013 10:47 AM ]========================
Version 2.2.21 [Jun-14-2009]
Started database file "/opt/apache/CoGe/data/genomic_sequence//0/0/19/19854/19854.faa"
Formatted 7 sequences in volume 0
SUCCESS: formatted database /opt/apache/CoGe/data/genomic_sequence//0/0/19/19854/19854.faa

========================[ Jan 23, 2013 10:52 AM ]========================
Version 2.2.21 [Jun-14-2009]
Started database file "/opt/apache/CoGe/data/genomic_sequence//0/0/19/19855/19855.faa"
Formatted 7 sequences in volume 0
SUCCESS: formatted database /opt/apache/CoGe/data/genomic_sequence//0/0/19/19855/19855.faa

========================[ Jan 23, 2013 10:52 AM ]========================
Version 2.2.21 [Jun-14-2009]
Started database file "/opt/apache/CoGe/data/genomic_sequence//0/0/19/19856/19856.faa"
Formatted 7 sequences in volume 0
SUCCESS: formatted database /opt/apache/CoGe/data/genomic_sequence//0/0/19/19856/19856.faa

========================[ Jan 23, 2013 10:57 AM ]========================
Version 2.2.21 [Jun-14-2009]
Started database file "/opt/apache/CoGe/data/genomic_sequence//0/0/19/19857/19857.faa"
Formatted 7 sequences in volume 0
SUCCESS: formatted database /opt/apache/CoGe/data/genomic_sequence//0/0/19/19857/19857.faa

========================[ Jan 23, 2013 10:58 AM ]========================
Version 2.2.21 [Jun-14-2009]
Started database file "/opt/apache/CoGe/data/genomic_sequence///0/0/19/19858/19858.faa"
Formatted 7 sequences in volume 0
SUCCESS: formatted database /opt/apache/CoGe/data/genomic_sequence///0/0/19/19858/19858.faa

========================[ Jan 23, 2013 10:58 AM ]========================
Version 2.2.21 [Jun-14-2009]
Started database file "/opt/apache/CoGe/data/genomic_sequence//0/0/19/19859/19859.faa"
Formatted 7 sequences in volume 0
SUCCESS: formatted database /opt/apache/CoGe/data/genomic_sequence//0/0/19/19859/19859.faa

========================[ Jan 23, 2013 10:59 AM ]========================
Version 2.2.21 [Jun-14-2009]
Started database file "/opt/apache/CoGe/data/genomic_sequence//0/0/19/19860/19860.faa"
Formatted 5 sequences in volume 0
SUCCESS: formatted database /opt/apache/CoGe/data/genomic_sequence//0/0/19/19860/19860.faa

========================[ Jan 23, 2013 10:59 AM ]========================
Version 2.2.21 [Jun-14-2009]
Started database file "/opt/apache/CoGe/data/genomic_sequence//0/0/19/19861/19861.faa"
Formatted 5 sequences in volume 0
SUCCESS: formatted database /opt/apache/CoGe/data/genomic_sequence//0/0/19/19861/19861.faa

========================[ Jan 23, 2013 11:02 AM ]========================
Version 2.2.21 [Jun-14-2009]
Started database file "/opt/apache/CoGe/data/genomic_sequence//0/0/19/19862/19862.faa"
Formatted 695 sequences in volume 0
SUCCESS: formatted database /opt/apache/CoGe/data/genomic_sequence//0/0/19/19862/19862.faa

========================[ Jan 23, 2013 11:17 AM ]========================
Version 2.2.21 [Jun-14-2009]
Started database file "/opt/apache/CoGe/data/genomic_sequence//0/0/19/19863/19863.faa"
Formatted 40367 sequences in volume 0
SUCCESS: formatted database /opt/apache/CoGe/data/genomic_sequence//0/0/19/19863/19863.faa

========================[ Jan 23, 2013  2:25 PM ]========================
Version 2.2.21 [Jun-14-2009]
Started database file "/opt/apache/CoGe/data/genomic_sequence//0/0/19/19864/19864.faa"
Formatted 2 sequences in volume 0
SUCCESS: formatted database /opt/apache/CoGe/data/genomic_sequence//0/0/19/19864/19864.faa

========================[ Jan 23, 2013  2:29 PM ]========================
Version 2.2.21 [Jun-14-2009]
Started database file "/opt/apache/CoGe/data/genomic_sequence//0/0/19/19865/19865.faa"

========================[ Jan 23, 2013  2:30 PM ]========================
Version 2.2.21 [Jun-14-2009]
Started database file "/opt/apache/CoGe/data/genomic_sequence//0/0/19/19866/19866.faa"
Formatted 7 sequences in volume 0
SUCCESS: formatted database /opt/apache/CoGe/data/genomic_sequence//0/0/19/19865/19865.faa
Formatted 7 sequences in volume 0
SUCCESS: formatted database /opt/apache/CoGe/data/genomic_sequence//0/0/19/19866/19866.faa

========================[ Jan 23, 2013  2:30 PM ]========================
Version 2.2.21 [Jun-14-2009]
Started database file "/opt/apache/CoGe/data/genomic_sequence//0/0/19/19867/19867.faa"
Formatted 5 sequences in volume 0
SUCCESS: formatted database /opt/apache/CoGe/data/genomic_sequence//0/0/19/19867/19867.faa

========================[ Jan 23, 2013  2:32 PM ]========================
Version 2.2.21 [Jun-14-2009]
Started database file "/opt/apache/CoGe/data/genomic_sequence//0/0/19/19868/19868.faa"
Formatted 695 sequences in volume 0
SUCCESS: formatted database /opt/apache/CoGe/data/genomic_sequence//0/0/19/19868/19868.faa

========================[ Jan 23, 2013  2:47 PM ]========================
Version 2.2.21 [Jun-14-2009]
Started database file "/opt/apache/CoGe/data/genomic_sequence//0/0/19/19869/19869.faa"
Formatted 40367 sequences in volume 0
SUCCESS: formatted database /opt/apache/CoGe/data/genomic_sequence//0/0/19/19869/19869.faa

========================[ Jan 23, 2013  2:52 PM ]========================
Version 2.2.21 [Jun-14-2009]
Started database file "/opt/apache/CoGe/data/genomic_sequence//0/0/19/19870/19870.faa"
Formatted 7 sequences in volume 0
SUCCESS: formatted database /opt/apache/CoGe/data/genomic_sequence//0/0/19/19870/19870.faa
